# JRE version: Java(TM) SE Runtime Environment (17.0.10+11) (build 17.0.10+11-LTS-240)
# Java VM: Java HotSpot(TM) 64-Bit Server VM (17.0.10+11-LTS-240, mixed mode, sharing, tiered, compressed oops, compressed class ptrs, g1 gc, windows-amd64)
GC Precious Log:
 CPUs: 8 total, 8 available
 Memory: 16247M
 Large Page Support: Disabled
 NUMA Support: Disabled
 Compressed Oops: Enabled (32-bit)
 Heap Region Size: 1M
 Heap Min Capacity: 8M
 Heap Initial Capacity: 254M
 Heap Max Capacity: 1G
 Pre-touch: Disabled
 Parallel Workers: 8
 Concurrent Workers: 2
 Concurrent Refinement Workers: 8
 Periodic GC: Disabled
Heap:
 garbage-first heap   total 140288K, used 15774K [0x00000000c0000000, 0x0000000100000000)
  region size 1024K, 13 young (13312K), 1 survivors (1024K)
 Metaspace       used 2137K, committed 2304K, reserved 1114112K
  class space    used 179K, committed 256K, reserved 1048576K
GC Heap History (10 events):
Event: 0.125 GC heap before
{Heap before GC invocations=0 (full 0):
 garbage-first heap   total 260096K, used 4096K [0x00000000c0000000, 0x0000000100000000)
  region size 1024K, 6 young (6144K), 0 survivors (0K)
 Metaspace       used 1382K, committed 1536K, reserved 1114112K
  class space    used 121K, committed 192K, reserved 1048576K
}
Event: 0.127 GC heap after
{Heap after GC invocations=1 (full 1):
 garbage-first heap   total 20480K, used 1594K [0x00000000c0000000, 0x0000000100000000)
  region size 1024K, 0 young (0K), 0 survivors (0K)
 Metaspace       used 1382K, committed 1536K, reserved 1114112K
  class space    used 121K, committed 192K, reserved 1048576K
}
Event: 0.209 GC heap before
{Heap before GC invocations=1 (full 1):
 garbage-first heap   total 20480K, used 6714K [0x00000000c0000000, 0x0000000100000000)
  region size 1024K, 5 young (5120K), 0 survivors (0K)
 Metaspace       used 2026K, committed 2176K, reserved 1114112K
  class space    used 173K, committed 256K, reserved 1048576K
}
Event: 0.210 GC heap after
{Heap after GC invocations=2 (full 1):
 garbage-first heap   total 20480K, used 2554K [0x00000000c0000000, 0x0000000100000000)
  region size 1024K, 1 young (1024K), 1 survivors (1024K)
 Metaspace       used 2026K, committed 2176K, reserved 1114112K
  class space    used 173K, committed 256K, reserved 1048576K
}
Event: 0.218 GC heap before
{Heap before GC invocations=2 (full 1):
 garbage-first heap   total 20480K, used 7674K [0x00000000c0000000, 0x0000000100000000)
  region size 1024K, 6 young (6144K), 1 survivors (1024K)
 Metaspace       used 2030K, committed 2176K, reserved 1114112K
  class space    used 173K, committed 256K, reserved 1048576K
}
Event: 0.219 GC heap after
{Heap after GC invocations=3 (full 1):
 garbage-first heap   total 20480K, used 3112K [0x00000000c0000000, 0x0000000100000000)
  region size 1024K, 1 young (1024K), 1 survivors (1024K)
 Metaspace       used 2030K, committed 2176K, reserved 1114112K
  class space    used 173K, committed 256K, reserved 1048576K
}
Event: 0.226 GC heap before
{Heap before GC invocations=3 (full 1):
 garbage-first heap   total 20480K, used 8232K [0x00000000c0000000, 0x0000000100000000)
  region size 1024K, 6 young (6144K), 1 survivors (1024K)
 Metaspace       used 2047K, committed 2176K, reserved 1114112K
  class space    used 173K, committed 256K, reserved 1048576K
}
Event: 0.228 GC heap after
{Heap after GC invocations=4 (full 1):
 garbage-first heap   total 20480K, used 3786K [0x00000000c0000000, 0x0000000100000000)
  region size 1024K, 1 young (1024K), 1 survivors (1024K)
 Metaspace       used 2047K, committed 2176K, reserved 1114112K
  class space    used 173K, committed 256K, reserved 1048576K
}
Event: 0.234 GC heap before
{Heap before GC invocations=4 (full 1):
 garbage-first heap   total 20480K, used 8906K [0x00000000c0000000, 0x0000000100000000)
  region size 1024K, 6 young (6144K), 1 survivors (1024K)
 Metaspace       used 2052K, committed 2176K, reserved 1114112K
  class space    used 173K, committed 256K, reserved 1048576K
}
Event: 0.236 GC heap after
{Heap after GC invocations=5 (full 1):
 garbage-first heap   total 140288K, used 4510K [0x00000000c0000000, 0x0000000100000000)
  region size 1024K, 1 young (1024K), 1 survivors (1024K)
 Metaspace       used 2052K, committed 2176K, reserved 1114112K
  class space    used 173K, committed 256K, reserved 1048576K
}

