# JRE version: Java(TM) SE Runtime Environment (17.0.10+11) (build 17.0.10+11-LTS-240)
# Java VM: Java HotSpot(TM) 64-Bit Server VM (17.0.10+11-LTS-240, mixed mode, sharing, tiered, compressed oops, compressed class ptrs, g1 gc, windows-amd64)
GC Precious Log:
 CPUs: 8 total, 8 available
 Memory: 16247M
 Large Page Support: Disabled
 NUMA Support: Disabled
 Compressed Oops: Enabled (32-bit)
 Heap Region Size: 1M
 Heap Min Capacity: 8M
 Heap Initial Capacity: 254M
 Heap Max Capacity: 1G
 Pre-touch: Disabled
 Parallel Workers: 8
 Concurrent Workers: 2
 Concurrent Refinement Workers: 8
 Periodic GC: Disabled
Heap:
 garbage-first heap   total 24576K, used 5605K [0x00000000c0000000, 0x0000000100000000)
  region size 1024K, 1 young (1024K), 0 survivors (0K)
 Metaspace       used 2131K, committed 2240K, reserved 1114112K
  class space    used 179K, committed 256K, reserved 1048576K
GC Heap History (12 events):
Event: 0.127 GC heap before
{Heap before GC invocations=0 (full 0):
 garbage-first heap   total 260096K, used 4096K [0x00000000c0000000, 0x0000000100000000)
  region size 1024K, 6 young (6144K), 0 survivors (0K)
 Metaspace       used 1373K, committed 1472K, reserved 1114112K
  class space    used 121K, committed 192K, reserved 1048576K
}
Event: 0.129 GC heap after
{Heap after GC invocations=1 (full 1):
 garbage-first heap   total 20480K, used 1593K [0x00000000c0000000, 0x0000000100000000)
  region size 1024K, 0 young (0K), 0 survivors (0K)
 Metaspace       used 1373K, committed 1472K, reserved 1114112K
  class space    used 121K, committed 192K, reserved 1048576K
}
Event: 0.212 GC heap before
{Heap before GC invocations=1 (full 1):
 garbage-first heap   total 20480K, used 6713K [0x00000000c0000000, 0x0000000100000000)
  region size 1024K, 5 young (5120K), 0 survivors (0K)
 Metaspace       used 2020K, committed 2176K, reserved 1114112K
  class space    used 173K, committed 256K, reserved 1048576K
}
Event: 0.213 GC heap after
{Heap after GC invocations=2 (full 1):
 garbage-first heap   total 20480K, used 2553K [0x00000000c0000000, 0x0000000100000000)
  region size 1024K, 1 young (1024K), 1 survivors (1024K)
 Metaspace       used 2020K, committed 2176K, reserved 1114112K
  class space    used 173K, committed 256K, reserved 1048576K
}
Event: 0.221 GC heap before
{Heap before GC invocations=2 (full 1):
 garbage-first heap   total 20480K, used 7673K [0x00000000c0000000, 0x0000000100000000)
  region size 1024K, 6 young (6144K), 1 survivors (1024K)
 Metaspace       used 2027K, committed 2176K, reserved 1114112K
  class space    used 173K, committed 256K, reserved 1048576K
}
Event: 0.223 GC heap after
{Heap after GC invocations=3 (full 1):
 garbage-first heap   total 20480K, used 3112K [0x00000000c0000000, 0x0000000100000000)
  region size 1024K, 1 young (1024K), 1 survivors (1024K)
 Metaspace       used 2027K, committed 2176K, reserved 1114112K
  class space    used 173K, committed 256K, reserved 1048576K
}
Event: 0.230 GC heap before
{Heap before GC invocations=3 (full 1):
 garbage-first heap   total 20480K, used 8232K [0x00000000c0000000, 0x0000000100000000)
  region size 1024K, 6 young (6144K), 1 survivors (1024K)
 Metaspace       used 2044K, committed 2176K, reserved 1114112K
  class space    used 173K, committed 256K, reserved 1048576K
}
Event: 0.232 GC heap after
{Heap after GC invocations=4 (full 1):
 garbage-first heap   total 20480K, used 3754K [0x00000000c0000000, 0x0000000100000000)
  region size 1024K, 1 young (1024K), 1 survivors (1024K)
 Metaspace       used 2044K, committed 2176K, reserved 1114112K
  class space    used 173K, committed 256K, reserved 1048576K
}
Event: 0.238 GC heap before
{Heap before GC invocations=4 (full 1):
 garbage-first heap   total 20480K, used 8874K [0x00000000c0000000, 0x0000000100000000)
  region size 1024K, 6 young (6144K), 1 survivors (1024K)
 Metaspace       used 2047K, committed 2176K, reserved 1114112K
  class space    used 173K, committed 256K, reserved 1048576K
}
Event: 0.240 GC heap after
{Heap after GC invocations=5 (full 1):
 garbage-first heap   total 140288K, used 4395K [0x00000000c0000000, 0x0000000100000000)
  region size 1024K, 1 young (1024K), 1 survivors (1024K)
 Metaspace       used 2047K, committed 2176K, reserved 1114112K
  class space    used 173K, committed 256K, reserved 1048576K
}
Event: 0.303 GC heap before
{Heap before GC invocations=5 (full 1):
 garbage-first heap   total 140288K, used 14635K [0x00000000c0000000, 0x0000000100000000)
  region size 1024K, 12 young (12288K), 1 survivors (1024K)
 Metaspace       used 2126K, committed 2240K, reserved 1114112K
  class space    used 177K, committed 256K, reserved 1048576K
}
Event: 0.310 GC heap after
{Heap after GC invocations=6 (full 2):
 garbage-first heap   total 24576K, used 5605K [0x00000000c0000000, 0x0000000100000000)
  region size 1024K, 0 young (0K), 0 survivors (0K)
 Metaspace       used 2126K, committed 2240K, reserved 1114112K
  class space    used 177K, committed 256K, reserved 1048576K
}

